BuildTools
unconfigured@null.spigotmc.org
Attempting to build version: 'latest' use --rev <version> to override
Found version
{
	"name": "1098",
	"description": "Jenkins build 1098",
	"refs": {
		"BuildData": "77931c01e72ff84c004a310b121a72b52f0efdd5",
		"Bukkit": "1603bcf467683f1303dc6f2d5f95908deec1b74d",
		"CraftBukkit": "c4baa9cdf9e29a565b822209f0b5f7251f3a02ad",
		"Spigot": "f950f8e3b87663d53997c2497f2ce1909c8c634a"
	},
	"toolsVersion": 47
}

Pulling updates for /Users/yangyufan/cmc-server/BuildData/.git
Successfully fetched updates!
Checked out: 77931c01e72ff84c004a310b121a72b52f0efdd5
Pulling updates for /Users/yangyufan/cmc-server/Bukkit/.git
Successfully fetched updates!
Checked out: 1603bcf467683f1303dc6f2d5f95908deec1b74d
Pulling updates for /Users/yangyufan/cmc-server/CraftBukkit/.git
Successfully fetched updates!
Checked out: c4baa9cdf9e29a565b822209f0b5f7251f3a02ad
Pulling updates for /Users/yangyufan/cmc-server/Spigot/.git
Successfully fetched updates!
Checked out: f950f8e3b87663d53997c2497f2ce1909c8c634a
Attempting to build Minecraft with details: VersionInfo(minecraftVersion=1.11, accessTransforms=bukkit-1.11.at, classMappings=bukkit-1.11-cl.csrg, memberMappings=bukkit-1.11-members.csrg, packageMappings=package.srg, minecraftHash=77af7daf2793bf4be81edb623db7cbf3, decompileCommand=java -jar BuildData/bin/fernflower.jar -dgs=1 -hdc=0 -asc=1 -udv=0 {0} {1})
Found good Minecraft hash (77af7daf2793bf4be81edb623db7cbf3)
Found good Minecraft hash (77af7daf2793bf4be81edb623db7cbf3)
[INFO] Scanning for projects...
[INFO]                                                                         
[INFO] ------------------------------------------------------------------------
[INFO] Building Maven Stub Project (No POM) 1
[INFO] ------------------------------------------------------------------------
[INFO] 
[INFO] --- maven-install-plugin:2.4:install-file (default-cli) @ standalone-pom ---
[INFO] Installing /Users/yangyufan/cmc-server/work/mapped.f23dd046.jar to /Users/yangyufan/.m2/repository/org/spigotmc/minecraft-server/1.11-SNAPSHOT/minecraft-server-1.11-SNAPSHOT.jar
[INFO] ------------------------------------------------------------------------
[INFO] BUILD SUCCESS
[INFO] ------------------------------------------------------------------------
[INFO] Total time: 0.530 s
[INFO] Finished at: 2016-12-11T15:12:42+08:00
[INFO] Final Memory: 6M/123M
[INFO] ------------------------------------------------------------------------
Applying CraftBukkit Patches
Backing up NMS dir
Patching with Block.patch
Patching with BlockButtonAbstract.patch
Patching with BlockCactus.patch
Patching with BlockCake.patch
Patching with BlockCauldron.patch
Patching with BlockChorusFlower.patch
Patching with BlockCocoa.patch
Patching with BlockCommand.patch
Patching with BlockCrops.patch
Patching with BlockDaylightDetector.patch
Patching with BlockDiodeAbstract.patch
Patching with BlockDispenser.patch
Patching with BlockDoor.patch
Patching with BlockDragonEgg.patch
Patching with BlockDropper.patch
Patching with BlockEnderPortal.patch
Patching with BlockFire.patch
Patching with BlockFlowing.patch
Patching with BlockFluids.patch
Patching with BlockGrass.patch
Patching with BlockIce.patch
Patching with BlockJukeBox.patch
Patching with BlockLeaves.patch
Patching with BlockLever.patch
Patching with BlockMagma.patch
Patching with BlockMinecartDetector.patch
Patching with BlockMobSpawner.patch
Patching with BlockMonsterEggs.patch
Patching with BlockMushroom.patch
Patching with BlockMycel.patch
Patching with BlockNetherWart.patch
Patching with BlockOre.patch
Patching with BlockPiston.patch
Patching with BlockPlant.patch
Patching with BlockPortal.patch
Patching with BlockPoweredRail.patch
Patching with BlockPressurePlateAbstract.patch
Patching with BlockPressurePlateBinary.patch
Patching with BlockPressurePlateWeighted.patch
Patching with BlockPumpkin.patch
Patching with BlockRedstoneLamp.patch
Patching with BlockRedstoneOre.patch
Patching with BlockRedstoneTorch.patch
Patching with BlockRedstoneWire.patch
Patching with BlockReed.patch
Patching with BlockSapling.patch
Patching with BlockShulkerBox.patch
Patching with BlockSkull.patch
Patching with BlockSnow.patch
Patching with BlockSoil.patch
Patching with BlockStationary.patch
Patching with BlockStem.patch
Patching with BlockTNT.patch
Patching with BlockTrapdoor.patch
Patching with BlockTripwire.patch
Patching with BlockTripwireHook.patch
Patching with BlockVine.patch
Patching with BlockWaterLily.patch
Patching with ChatBaseComponent.patch
Patching with ChatModifier.patch
Patching with Chunk.patch
Patching with ChunkProviderGenerate.patch
Patching with ChunkProviderServer.patch
Patching with ChunkRegionLoader.patch
Patching with ChunkSection.patch
Patching with CommandBlockListenerAbstract.patch
Patching with CommandExecute.patch
Patching with CommandGamemode.patch
Patching with CommandGamerule.patch
Patching with CommandSpreadPlayers.patch
Patching with CommandTp.patch
Patching with Container.patch
Patching with ContainerAnvil.patch
Patching with ContainerBeacon.patch
Patching with ContainerBrewingStand.patch
Patching with ContainerChest.patch
Patching with ContainerDispenser.patch
Patching with ContainerEnchantTable.patch
Patching with ContainerFurnace.patch
Patching with ContainerHopper.patch
Patching with ContainerHorse.patch
Patching with ContainerMerchant.patch
Patching with ContainerPlayer.patch
Patching with ContainerShulkerBox.patch
Patching with ContainerWorkbench.patch
Patching with CraftingManager.patch
Patching with CrashReport.patch
Patching with DataInspectorBlockEntity.patch
Patching with DataPaletteBlock.patch
Patching with DataWatcher.patch
Patching with DedicatedServer.patch
Patching with DispenseBehaviorItem.patch
Patching with DispenseBehaviorProjectile.patch
Patching with DispenserRegistry.patch
Patching with DragonControllerManager.patch
Patching with Enchantment.patch
Patching with EnchantmentFrostWalker.patch
Patching with EnchantmentThorns.patch
Patching with Entity.patch
Patching with EntityAgeable.patch
Patching with EntityAnimal.patch
Patching with EntityAreaEffectCloud.patch
Patching with EntityArmorStand.patch
Patching with EntityArrow.patch
Patching with EntityBoat.patch
Patching with EntityChicken.patch
Patching with EntityCow.patch
Patching with EntityCreature.patch
Patching with EntityCreeper.patch
Patching with EntityDamageSourceIndirect.patch
Patching with EntityEgg.patch
Patching with EntityEnderCrystal.patch
Patching with EntityEnderDragon.patch
Patching with EntityEnderman.patch
Patching with EntityEnderPearl.patch
Patching with EntityEvoker.patch
Patching with EntityExperienceOrb.patch
Patching with EntityFallingBlock.patch
Patching with EntityFireball.patch
Patching with EntityFireworks.patch
Patching with EntityFishingHook.patch
Patching with EntityGhast.patch
Patching with EntityHanging.patch
Patching with EntityHorseAbstract.patch
Patching with EntityHuman.patch
Patching with EntityInsentient.patch
Patching with EntityIronGolem.patch
Patching with EntityItem.patch
Patching with EntityItemFrame.patch
Patching with EntityLargeFireball.patch
Patching with EntityLeash.patch
Patching with EntityLightning.patch
Patching with EntityLiving.patch
Patching with EntityLlama.patch
Patching with EntityLlamaSpit.patch
Patching with EntityMinecartAbstract.patch
Patching with EntityMinecartCommandBlock.patch
Patching with EntityMinecartContainer.patch
Patching with EntityMonster.patch
Patching with EntityMushroomCow.patch
Patching with EntityOcelot.patch
Patching with EntityPainting.patch
Patching with EntityPig.patch
Patching with EntityPlayer.patch
Patching with EntityPotion.patch
Patching with EntityProjectile.patch
Patching with EntityRabbit.patch
Patching with EntitySheep.patch
Patching with EntityShulkerBullet.patch
Patching with EntitySilverfish.patch
Patching with EntitySkeleton.patch
Patching with EntitySkeletonAbstract.patch
Patching with EntitySlice.patch
Patching with EntitySlime.patch
Patching with EntitySmallFireball.patch
Patching with EntitySnowman.patch
Patching with EntitySpider.patch
Patching with EntityThrownExpBottle.patch
Patching with EntityTippedArrow.patch
Patching with EntityTNTPrimed.patch
Patching with EntityTracker.patch
Patching with EntityTrackerEntry.patch
Patching with EntityVex.patch
Patching with EntityVillager.patch
Patching with EntityWither.patch
Patching with EntityWitherSkull.patch
Patching with EntityWolf.patch
Patching with EntityZombie.patch
Patching with EntityZombieVillager.patch
Patching with ExpirableListEntry.patch
Patching with Explosion.patch
Patching with FoodMetaData.patch
Patching with HandshakeListener.patch
Patching with IDataManager.patch
Patching with IInventory.patch
Patching with InventoryCrafting.patch
Patching with InventoryCraftResult.patch
Patching with InventoryEnderChest.patch
Patching with InventoryHorseChest.patch
Patching with InventoryLargeChest.patch
Patching with InventoryMerchant.patch
Patching with InventorySubcontainer.patch
Patching with IRecipe.patch
Patching with ItemArmor.patch
Patching with ItemBlock.patch
Patching with ItemBoat.patch
Patching with ItemBow.patch
Patching with ItemBucket.patch
Patching with ItemChorusFruit.patch
Patching with ItemDye.patch
Patching with ItemEnderPearl.patch
Patching with ItemFireball.patch
Patching with ItemFishingRod.patch
Patching with ItemFlintAndSteel.patch
Patching with ItemHanging.patch
Patching with ItemLeash.patch
Patching with ItemMinecart.patch
Patching with ItemMonsterEgg.patch
Patching with ItemRecord.patch
Patching with ItemReed.patch
Patching with ItemSkull.patch
Patching with ItemSnowball.patch
Patching with ItemStack.patch
Patching with ItemWaterLily.patch
Patching with ItemWorldMap.patch
Patching with JsonList.patch
Patching with LoginListener.patch
Patching with MerchantRecipe.patch
Patching with MethodProfiler.patch
Patching with MinecraftServer.patch
Patching with MobEffectList.patch
Patching with MobSpawnerAbstract.patch
Patching with NameReferencingFileConverter.patch
Patching with NetworkManager.patch
Patching with PacketDataSerializer.patch
Patching with PacketPlayInCloseWindow.patch
Patching with PacketStatusListener.patch
Patching with PathfinderGoalBreakDoor.patch
Patching with PathfinderGoalBreed.patch
Patching with PathfinderGoalDefendVillage.patch
Patching with PathfinderGoalEatTile.patch
Patching with PathfinderGoalHorseTrap.patch
Patching with PathfinderGoalHurtByTarget.patch
Patching with PathfinderGoalMakeLove.patch
Patching with PathfinderGoalNearestAttackableTarget.patch
Patching with PathfinderGoalNearestAttackableTargetInsentient.patch
Patching with PathfinderGoalOwnerHurtByTarget.patch
Patching with PathfinderGoalOwnerHurtTarget.patch
Patching with PathfinderGoalPanic.patch
Patching with PathfinderGoalSit.patch
Patching with PathfinderGoalTame.patch
Patching with PathfinderGoalTarget.patch
Patching with PathfinderGoalTargetNearestPlayer.patch
Patching with PathfinderGoalTempt.patch
Patching with PathfinderGoalVillagerFarm.patch
Patching with PlayerChunk.patch
Patching with PlayerChunkMap.patch
Patching with PlayerConnection.patch
Patching with PlayerInteractManager.patch
Patching with PlayerInventory.patch
Patching with PlayerList.patch
Patching with PortalTravelAgent.patch
Patching with PropertyManager.patch
Patching with RecipeArmorDye.patch
Patching with RecipeBookClone.patch
Patching with RecipeFireworks.patch
Patching with RecipeMapClone.patch
Patching with RecipeRepair.patch
Patching with RecipesBanner.patch
Patching with RecipesFurnace.patch
Patching with RecipeShulkerBox.patch
Patching with RecipeTippedArrow.patch
Patching with RecipiesShield.patch
Patching with RegionFile.patch
Patching with RegionFileCache.patch
Patching with RemoteControlCommandListener.patch
Patching with ScoreboardServer.patch
Patching with SecondaryWorldServer.patch
Patching with ShapedRecipes.patch
Patching with ShapelessRecipes.patch
Patching with SlotFurnaceResult.patch
Patching with SpawnerCreature.patch
Patching with StatisticManager.patch
Patching with TileEntity.patch
Patching with TileEntityBanner.patch
Patching with TileEntityBeacon.patch
Patching with TileEntityBrewingStand.patch
Patching with TileEntityChest.patch
Patching with TileEntityCommand.patch
Patching with TileEntityContainer.patch
Patching with TileEntityDispenser.patch
Patching with TileEntityEndGateway.patch
Patching with TileEntityFurnace.patch
Patching with TileEntityHopper.patch
Patching with TileEntityNote.patch
Patching with TileEntityShulkerBox.patch
Patching with TileEntitySign.patch
Patching with UserCache.patch
Patching with Village.patch
Patching with VillageSiege.patch
Patching with World.patch
Patching with WorldBorder.patch
Patching with WorldData.patch
Patching with WorldGenGroundBush.patch
Patching with WorldGenMegaTreeAbstract.patch
Patching with WorldGenRegistration.patch
Patching with WorldGenVillagePieces.patch
Patching with WorldManager.patch
Patching with WorldMap.patch
Patching with WorldNBTStorage.patch
Patching with WorldServer.patch
Compiling Bukkit
[INFO] Scanning for projects...
[INFO]                                                                         
[INFO] ------------------------------------------------------------------------
[INFO] Building Bukkit 1.11-R0.1-SNAPSHOT
[INFO] ------------------------------------------------------------------------
[INFO] 
[INFO] --- maven-clean-plugin:2.5:clean (default-clean) @ bukkit ---
[INFO] Deleting /Users/yangyufan/cmc-server/Bukkit/target
[INFO] 
[INFO] --- maven-enforcer-plugin:1.2:enforce (enforce-maven) @ bukkit ---
[INFO] 
[INFO] --- maven-resources-plugin:2.6:resources (default-resources) @ bukkit ---
[INFO] Using 'UTF-8' encoding to copy filtered resources.
[INFO] skip non existing resourceDirectory /Users/yangyufan/cmc-server/Bukkit/src/main/resources
[INFO] 
[INFO] --- maven-compiler-plugin:3.1:compile (default-compile) @ bukkit ---
[INFO] Changes detected - recompiling the module!
[INFO] 
[INFO] --- animal-sniffer-maven-plugin:1.15:check (default) @ bukkit ---
[INFO] Checking unresolved references to org.codehaus.mojo.signature:java16:1.1
[INFO] 
[INFO] --- maven-resources-plugin:2.6:testResources (default-testResources) @ bukkit ---
[INFO] Using 'UTF-8' encoding to copy filtered resources.
[INFO] skip non existing resourceDirectory /Users/yangyufan/cmc-server/Bukkit/src/test/resources
[INFO] 
[INFO] --- maven-compiler-plugin:3.1:testCompile (default-testCompile) @ bukkit ---
[INFO] Changes detected - recompiling the module!
[INFO] 
[INFO] --- maven-surefire-plugin:2.12.4:test (default-test) @ bukkit ---
[INFO] Surefire report directory: /Users/yangyufan/cmc-server/Bukkit/target/surefire-reports

-------------------------------------------------------
 T E S T S
-------------------------------------------------------
Running org.bukkit.ArtTest
Tests run: 5, Failures: 0, Errors: 0, Skipped: 0, Time elapsed: 0.211 sec
Running org.bukkit.BukkitMirrorTest
Tests run: 485, Failures: 0, Errors: 0, Skipped: 0, Time elapsed: 0.471 sec
Running org.bukkit.ChatColorTest
Tests run: 10, Failures: 0, Errors: 0, Skipped: 0, Time elapsed: 0.013 sec
Running org.bukkit.ChatPaginatorTest
Tests run: 14, Failures: 0, Errors: 0, Skipped: 0, Time elapsed: 0.033 sec
Running org.bukkit.CoalTypeTest
Tests run: 1, Failures: 0, Errors: 0, Skipped: 0, Time elapsed: 0.006 sec
Running org.bukkit.ColorTest
Tests run: 52, Failures: 0, Errors: 0, Skipped: 0, Time elapsed: 0.253 sec
Running org.bukkit.configuration.file.YamlConfigurationTest
Tests run: 17, Failures: 0, Errors: 0, Skipped: 0, Time elapsed: 0.118 sec
Running org.bukkit.configuration.MemoryConfigurationTest
Tests run: 6, Failures: 0, Errors: 0, Skipped: 0, Time elapsed: 0.002 sec
Running org.bukkit.configuration.MemorySectionTest
Tests run: 42, Failures: 0, Errors: 0, Skipped: 0, Time elapsed: 0.22 sec
Running org.bukkit.conversations.ConversationContextTest
Tests run: 3, Failures: 0, Errors: 0, Skipped: 0, Time elapsed: 0.002 sec
Running org.bukkit.conversations.ConversationTest
Tests run: 4, Failures: 0, Errors: 0, Skipped: 0, Time elapsed: 0.007 sec
Running org.bukkit.conversations.ValidatingPromptTest
Tests run: 4, Failures: 0, Errors: 0, Skipped: 0, Time elapsed: 0.017 sec
Running org.bukkit.CropStateTest
Tests run: 1, Failures: 0, Errors: 0, Skipped: 0, Time elapsed: 0 sec
Running org.bukkit.DifficultyTest
Tests run: 1, Failures: 0, Errors: 0, Skipped: 0, Time elapsed: 0 sec
Running org.bukkit.DyeColorTest
Tests run: 80, Failures: 0, Errors: 0, Skipped: 0, Time elapsed: 0.038 sec
Running org.bukkit.EffectTest
Tests run: 1, Failures: 0, Errors: 0, Skipped: 0, Time elapsed: 0.001 sec
Running org.bukkit.EntityEffectTest
Tests run: 1, Failures: 0, Errors: 0, Skipped: 0, Time elapsed: 0 sec
Running org.bukkit.event.PlayerChatTabCompleteEventTest
Tests run: 1, Failures: 0, Errors: 0, Skipped: 0, Time elapsed: 0.181 sec
Running org.bukkit.event.SyntheticEventTest
十二月 11, 2016 3:12:55 下午 org.bukkit.Bukkit setServer
信息: This server is running TestServer version Version_null (Implementing API version BukkitVersion_null)
Invk org.bukkit.event.TestEvent@47af7f3d
Tests run: 1, Failures: 0, Errors: 0, Skipped: 0, Time elapsed: 0.487 sec
Running org.bukkit.GameModeTest
Tests run: 1, Failures: 0, Errors: 0, Skipped: 0, Time elapsed: 0.003 sec
Running org.bukkit.GrassSpeciesTest
Tests run: 1, Failures: 0, Errors: 0, Skipped: 0, Time elapsed: 0.001 sec
Running org.bukkit.InstrumentTest
Tests run: 1, Failures: 0, Errors: 0, Skipped: 0, Time elapsed: 0 sec
Running org.bukkit.LocationTest
Tests run: 60, Failures: 0, Errors: 0, Skipped: 0, Time elapsed: 0.042 sec
Running org.bukkit.materials.MaterialDataTest
Tests run: 11, Failures: 0, Errors: 0, Skipped: 0, Time elapsed: 0.029 sec
Running org.bukkit.MaterialTest
Tests run: 10, Failures: 0, Errors: 0, Skipped: 0, Time elapsed: 0.103 sec
Running org.bukkit.metadata.FixedMetadataValueTest
Tests run: 3, Failures: 0, Errors: 0, Skipped: 0, Time elapsed: 0.002 sec
Running org.bukkit.metadata.LazyMetadataValueTest
Tests run: 8, Failures: 0, Errors: 0, Skipped: 0, Time elapsed: 0.01 sec
Running org.bukkit.metadata.MetadataConversionTest
Tests run: 5, Failures: 0, Errors: 0, Skipped: 0, Time elapsed: 0.013 sec
Running org.bukkit.metadata.MetadataStoreTest
Tests run: 9, Failures: 0, Errors: 0, Skipped: 0, Time elapsed: 0.026 sec
Running org.bukkit.metadata.MetadataValueAdapterTest
Tests run: 4, Failures: 0, Errors: 0, Skipped: 0, Time elapsed: 0.003 sec
Running org.bukkit.NoteTest
Tests run: 17, Failures: 0, Errors: 0, Skipped: 0, Time elapsed: 0.055 sec
Running org.bukkit.plugin.messaging.StandardMessengerTest
Tests run: 16, Failures: 0, Errors: 0, Skipped: 0, Time elapsed: 0.021 sec
Running org.bukkit.plugin.PluginManagerTest
Tests run: 11, Failures: 0, Errors: 0, Skipped: 0, Time elapsed: 0.018 sec
Running org.bukkit.plugin.TimedRegisteredListenerTest
Tests run: 1, Failures: 0, Errors: 0, Skipped: 0, Time elapsed: 0.005 sec
Running org.bukkit.TreeSpeciesTest
Tests run: 1, Failures: 0, Errors: 0, Skipped: 0, Time elapsed: 0 sec
Running org.bukkit.util.io.BukkitObjectStreamTest
Tests run: 6, Failures: 0, Errors: 0, Skipped: 3, Time elapsed: 0.137 sec
Running org.bukkit.util.StringUtilStartsWithTest
Tests run: 10, Failures: 0, Errors: 0, Skipped: 0, Time elapsed: 0.004 sec
Running org.bukkit.util.StringUtilTest
Tests run: 8, Failures: 0, Errors: 0, Skipped: 0, Time elapsed: 0.003 sec
Running org.bukkit.WorldTypeTest
Tests run: 1, Failures: 0, Errors: 0, Skipped: 0, Time elapsed: 0.001 sec

Results :

Tests run: 913, Failures: 0, Errors: 0, Skipped: 3

[INFO] 
[INFO] --- maven-jar-plugin:2.4:jar (default-jar) @ bukkit ---
[INFO] Building jar: /Users/yangyufan/cmc-server/Bukkit/target/bukkit-1.11-R0.1-SNAPSHOT.jar
[INFO] 
[INFO] --- maven-shade-plugin:2.4.3:shade (default) @ bukkit ---
[INFO] Including commons-lang:commons-lang:jar:2.6 in the shaded jar.
[INFO] Including com.googlecode.json-simple:json-simple:jar:1.1.1 in the shaded jar.
[INFO] Including com.google.guava:guava:jar:17.0 in the shaded jar.
[INFO] Including com.google.code.gson:gson:jar:2.2.4 in the shaded jar.
[INFO] Including org.avaje:ebean:jar:2.8.1 in the shaded jar.
[INFO] Including javax.persistence:persistence-api:jar:1.0 in the shaded jar.
[INFO] Including org.yaml:snakeyaml:jar:1.17 in the shaded jar.
[INFO] Attaching shaded artifact.
[INFO] 
[INFO] --- maven-install-plugin:2.4:install (default-install) @ bukkit ---
[INFO] Installing /Users/yangyufan/cmc-server/Bukkit/target/bukkit-1.11-R0.1-SNAPSHOT.jar to /Users/yangyufan/.m2/repository/org/bukkit/bukkit/1.11-R0.1-SNAPSHOT/bukkit-1.11-R0.1-SNAPSHOT.jar
[INFO] Installing /Users/yangyufan/cmc-server/Bukkit/pom.xml to /Users/yangyufan/.m2/repository/org/bukkit/bukkit/1.11-R0.1-SNAPSHOT/bukkit-1.11-R0.1-SNAPSHOT.pom
[INFO] Installing /Users/yangyufan/cmc-server/Bukkit/target/bukkit-1.11-R0.1-SNAPSHOT-shaded.jar to /Users/yangyufan/.m2/repository/org/bukkit/bukkit/1.11-R0.1-SNAPSHOT/bukkit-1.11-R0.1-SNAPSHOT-shaded.jar
[INFO] ------------------------------------------------------------------------
[INFO] BUILD SUCCESS
[INFO] ------------------------------------------------------------------------
[INFO] Total time: 13.369 s
[INFO] Finished at: 2016-12-11T15:12:59+08:00
[INFO] Final Memory: 32M/323M
[INFO] ------------------------------------------------------------------------
Compiling CraftBukkit
[INFO] Scanning for projects...
[INFO]                                                                         
[INFO] ------------------------------------------------------------------------
[INFO] Building CraftBukkit 1.11-R0.1-SNAPSHOT
[INFO] ------------------------------------------------------------------------
[INFO] 
[INFO] --- maven-clean-plugin:2.5:clean (default-clean) @ craftbukkit ---
[INFO] Deleting /Users/yangyufan/cmc-server/CraftBukkit/target
[INFO] 
[INFO] --- scriptus:0.2:describe (default) @ craftbukkit ---
[INFO] Set property "describe" to "git-Bukkit-c4baa9c"
[INFO] 
[INFO] --- maven-resources-plugin:2.6:resources (default-resources) @ craftbukkit ---
[INFO] Using 'UTF-8' encoding to copy filtered resources.
[INFO] Copying 4 resources
[INFO] 
[INFO] --- maven-compiler-plugin:3.1:compile (default-compile) @ craftbukkit ---
[INFO] Changes detected - recompiling the module!
[INFO] 
[INFO] --- animal-sniffer-maven-plugin:1.15:check (default) @ craftbukkit ---
[INFO] Checking unresolved references to org.codehaus.mojo.signature:java16:1.1
[INFO] 
[INFO] --- maven-resources-plugin:2.6:testResources (default-testResources) @ craftbukkit ---
[INFO] Using 'UTF-8' encoding to copy filtered resources.
[INFO] skip non existing resourceDirectory /Users/yangyufan/cmc-server/CraftBukkit/src/test/resources
[INFO] 
[INFO] --- maven-compiler-plugin:3.1:testCompile (default-testCompile) @ craftbukkit ---
[INFO] Changes detected - recompiling the module!
[INFO] 
[INFO] --- maven-surefire-plugin:2.19.1:test (default-test) @ craftbukkit ---

-------------------------------------------------------
 T E S T S
-------------------------------------------------------
Running org.bukkit.ArtTest
Tests run: 3, Failures: 0, Errors: 0, Skipped: 0, Time elapsed: 0.231 sec - in org.bukkit.ArtTest
Running org.bukkit.BiomeTest
十二月 11, 2016 3:13:18 下午 org.bukkit.Bukkit setServer
信息: This server is running org.bukkit.support.DummyServer version null (Implementing API version 1.11-R0.1-SNAPSHOT)
Tests run: 2, Failures: 0, Errors: 0, Skipped: 0, Time elapsed: 4.972 sec - in org.bukkit.BiomeTest
Running org.bukkit.craftbukkit.inventory.FactoryItemMaterialTest
Tests run: 1564, Failures: 0, Errors: 0, Skipped: 0, Time elapsed: 2.403 sec - in org.bukkit.craftbukkit.inventory.FactoryItemMaterialTest
Running org.bukkit.craftbukkit.inventory.ItemFactoryTest
Tests run: 1, Failures: 0, Errors: 0, Skipped: 0, Time elapsed: 1.343 sec - in org.bukkit.craftbukkit.inventory.ItemFactoryTest
Running org.bukkit.craftbukkit.inventory.ItemMetaImplementationOverrideTest
Tests run: 108, Failures: 0, Errors: 0, Skipped: 0, Time elapsed: 0.053 sec - in org.bukkit.craftbukkit.inventory.ItemMetaImplementationOverrideTest
Running org.bukkit.craftbukkit.inventory.ItemMetaTest
Tests run: 12, Failures: 0, Errors: 0, Skipped: 0, Time elapsed: 0.143 sec - in org.bukkit.craftbukkit.inventory.ItemMetaTest
Running org.bukkit.craftbukkit.inventory.NMSCraftItemStackTest
Tests run: 2, Failures: 0, Errors: 0, Skipped: 0, Time elapsed: 0.001 sec - in org.bukkit.craftbukkit.inventory.NMSCraftItemStackTest
Running org.bukkit.DyeColorsTest
Tests run: 32, Failures: 0, Errors: 0, Skipped: 0, Time elapsed: 0.019 sec - in org.bukkit.DyeColorsTest
Running org.bukkit.entity.EnderDragonPhaseTest
Tests run: 3, Failures: 0, Errors: 0, Skipped: 0, Time elapsed: 0.108 sec - in org.bukkit.entity.EnderDragonPhaseTest
Running org.bukkit.map.MapTest
Tests run: 1, Failures: 0, Errors: 0, Skipped: 0, Time elapsed: 0.003 sec - in org.bukkit.map.MapTest
Running org.bukkit.MaterialTest
Tests run: 1, Failures: 0, Errors: 0, Skipped: 0, Time elapsed: 0.002 sec - in org.bukkit.MaterialTest
Running org.bukkit.ParticleTest
Tests run: 1, Failures: 0, Errors: 0, Skipped: 0, Time elapsed: 0.003 sec - in org.bukkit.ParticleTest
Running org.bukkit.PerMaterialTest
Tests run: 4873, Failures: 0, Errors: 0, Skipped: 0, Time elapsed: 0.473 sec - in org.bukkit.PerMaterialTest
Running org.bukkit.potion.PotionTest
Tests run: 1, Failures: 0, Errors: 0, Skipped: 0, Time elapsed: 0.001 sec - in org.bukkit.potion.PotionTest
Running org.bukkit.SoundTest
Tests run: 4, Failures: 0, Errors: 0, Skipped: 0, Time elapsed: 0 sec - in org.bukkit.SoundTest
Running org.bukkit.StatisticsAndAchievementsTest
Tests run: 2, Failures: 0, Errors: 0, Skipped: 0, Time elapsed: 0.015 sec - in org.bukkit.StatisticsAndAchievementsTest
Running org.bukkit.WorldTypeTest
Tests run: 1, Failures: 0, Errors: 0, Skipped: 0, Time elapsed: 0 sec - in org.bukkit.WorldTypeTest

Results :

Tests run: 6611, Failures: 0, Errors: 0, Skipped: 0

[INFO] 
[INFO] --- maven-jar-plugin:3.0.2:jar (default-jar) @ craftbukkit ---
[INFO] Building jar: /Users/yangyufan/cmc-server/CraftBukkit/target/craftbukkit-1.11-R0.1-SNAPSHOT.jar
[INFO] 
[INFO] --- maven-shade-plugin:2.4.3:shade (default) @ craftbukkit ---
[INFO] Including org.bukkit:bukkit:jar:1.11-R0.1-SNAPSHOT in the shaded jar.
[INFO] Including commons-lang:commons-lang:jar:2.6 in the shaded jar.
[INFO] Including com.googlecode.json-simple:json-simple:jar:1.1.1 in the shaded jar.
[INFO] Including com.google.guava:guava:jar:17.0 in the shaded jar.
[INFO] Including com.google.code.gson:gson:jar:2.2.4 in the shaded jar.
[INFO] Including org.avaje:ebean:jar:2.8.1 in the shaded jar.
[INFO] Including javax.persistence:persistence-api:jar:1.0 in the shaded jar.
[INFO] Including org.yaml:snakeyaml:jar:1.17 in the shaded jar.
[INFO] Including org.spigotmc:minecraft-server:jar:1.11-SNAPSHOT in the shaded jar.
[INFO] Including net.sf.jopt-simple:jopt-simple:jar:4.9 in the shaded jar.
[INFO] Including jline:jline:jar:2.12.1 in the shaded jar.
[INFO] Including org.xerial:sqlite-jdbc:jar:3.15.1 in the shaded jar.
[INFO] Including mysql:mysql-connector-java:jar:5.1.39 in the shaded jar.
[WARNING] guava-17.0.jar, minecraft-server-1.11-SNAPSHOT.jar define 1686 overlapping classes: 
[WARNING]   - com.google.common.collect.ImmutableMapValues$1
[WARNING]   - com.google.common.io.LineProcessor
[WARNING]   - com.google.common.util.concurrent.AbstractService$5
[WARNING]   - com.google.common.io.BaseEncoding$StandardBaseEncoding$2
[WARNING]   - com.google.common.io.ByteProcessor
[WARNING]   - com.google.common.math.package-info
[WARNING]   - com.google.common.util.concurrent.SimpleTimeLimiter
[WARNING]   - com.google.common.io.GwtWorkarounds$5
[WARNING]   - com.google.common.cache.AbstractCache$StatsCounter
[WARNING]   - com.google.common.util.concurrent.CycleDetectingLockFactory$Policies
[WARNING]   - 1676 more...
[WARNING] gson-2.2.4.jar, minecraft-server-1.11-SNAPSHOT.jar define 153 overlapping classes: 
[WARNING]   - com.google.gson.internal.bind.JsonTreeWriter
[WARNING]   - com.google.gson.internal.Excluder
[WARNING]   - com.google.gson.JsonDeserializationContext
[WARNING]   - com.google.gson.internal.$Gson$Types
[WARNING]   - com.google.gson.internal.LinkedTreeMap$KeySet
[WARNING]   - com.google.gson.FieldNamingPolicy$5
[WARNING]   - com.google.gson.internal.bind.SqlDateTypeAdapter$1
[WARNING]   - com.google.gson.internal.UnsafeAllocator$2
[WARNING]   - com.google.gson.FieldAttributes
[WARNING]   - com.google.gson.internal.$Gson$Types$ParameterizedTypeImpl
[WARNING]   - 143 more...
[WARNING] craftbukkit-1.11-R0.1-SNAPSHOT.jar, minecraft-server-1.11-SNAPSHOT.jar define 553 overlapping classes: 
[WARNING]   - org.apache.logging.log4j.core.appender.ConsoleAppender$ConsoleManagerFactory
[WARNING]   - net.minecraft.server.DispenserRegistry$2
[WARNING]   - net.minecraft.server.DispenserRegistry$12
[WARNING]   - net.minecraft.server.PathfinderGoalNearestAttackableTargetInsentient
[WARNING]   - net.minecraft.server.BlockWaterLily
[WARNING]   - net.minecraft.server.PathfinderGoalHurtByTarget
[WARNING]   - net.minecraft.server.Entity$4
[WARNING]   - net.minecraft.server.BlockGrass
[WARNING]   - net.minecraft.server.PlayerChunkMap$5
[WARNING]   - net.minecraft.server.EntityEvoker$e$1
[WARNING]   - 543 more...
[WARNING] maven-shade-plugin has detected that some class files are
[WARNING] present in two or more JARs. When this happens, only one
[WARNING] single version of the class is copied to the uber jar.
[WARNING] Usually this is not harmful and you can skip these warnings,
[WARNING] otherwise try to manually exclude artifacts based on
[WARNING] mvn dependency:tree -Ddetail=true and the above output.
[WARNING] See http://maven.apache.org/plugins/maven-shade-plugin/
[INFO] Replacing original artifact with shaded artifact.
[INFO] Replacing /Users/yangyufan/cmc-server/CraftBukkit/target/craftbukkit-1.11-R0.1-SNAPSHOT.jar with /Users/yangyufan/cmc-server/CraftBukkit/target/craftbukkit-1.11-R0.1-SNAPSHOT-shaded.jar
[INFO] Dependency-reduced POM written at: /Users/yangyufan/cmc-server/CraftBukkit/dependency-reduced-pom.xml
[INFO] Dependency-reduced POM written at: /Users/yangyufan/cmc-server/CraftBukkit/dependency-reduced-pom.xml
[INFO] Dependency-reduced POM written at: /Users/yangyufan/cmc-server/CraftBukkit/dependency-reduced-pom.xml
[INFO] 
[INFO] --- maven-install-plugin:2.4:install (default-install) @ craftbukkit ---
[INFO] Installing /Users/yangyufan/cmc-server/CraftBukkit/target/craftbukkit-1.11-R0.1-SNAPSHOT.jar to /Users/yangyufan/.m2/repository/org/bukkit/craftbukkit/1.11-R0.1-SNAPSHOT/craftbukkit-1.11-R0.1-SNAPSHOT.jar
[INFO] Installing /Users/yangyufan/cmc-server/CraftBukkit/dependency-reduced-pom.xml to /Users/yangyufan/.m2/repository/org/bukkit/craftbukkit/1.11-R0.1-SNAPSHOT/craftbukkit-1.11-R0.1-SNAPSHOT.pom
[INFO] ------------------------------------------------------------------------
[INFO] BUILD SUCCESS
[INFO] ------------------------------------------------------------------------
[INFO] Total time: 35.531 s
[INFO] Finished at: 2016-12-11T15:13:36+08:00
[INFO] Final Memory: 24M/412M
[INFO] ------------------------------------------------------------------------
source: Error encountered while sourcing file '/Users/yangyufan/.local/share/omf/init.fish':
source: No such file or directory
Unsupported use of '&&'. In fish, please use 'COMMAND; and COMMAND'.
applyPatches.sh (line 44): applyPatch Bukkit Spigot-API origin/spigot && applyPatch CraftBukkit Spigot-Server origin/patched
                                                                       ^
fish: Error while reading file applyPatches.sh

Error compiling Spigot. Please check the wiki for FAQs.
If this does not resolve your issue then please pastebin the entire BuildTools.log.txt file when seeking support.
java.lang.RuntimeException: Error running command, return status !=0: [/usr/local/bin/fish, applyPatches.sh]
	at org.spigotmc.builder.Builder.runProcess(Builder.java:552)
	at org.spigotmc.builder.Builder.main(Builder.java:434)
